<?xml version="1.0" encoding="UTF-8"?>
<testng-results ignored="0" total="0" passed="0" failed="0" skipped="0">
  <reporter-output>
  </reporter-output>
  <suite started-at="2022-05-09T17:41:11 IST" name="Default suite" finished-at="2022-05-09T17:41:11 IST" duration-ms="328">
    <groups>
      <group name="cucumber">
        <method signature="testRunner.feature(cucumber.api.testng.CucumberFeatureWrapper)[pri:0, instance:com.bdd.runner.testRunner@79079097]" name="feature" class="com.bdd.runner.testRunner"/>
      </group> <!-- cucumber -->
    </groups>
    <test started-at="2022-05-09T17:41:11 IST" name="Default test" finished-at="2022-05-09T17:41:11 IST" duration-ms="328">
      <class name="com.bdd.runner.testRunner">
        <test-method is-config="true" signature="setup()[pri:0, instance:com.bdd.runner.testRunner@79079097]" started-at="2022-05-09T17:41:11 IST" name="setup" finished-at="2022-05-09T17:41:11 IST" duration-ms="269" status="PASS">
          <reporter-output>
          </reporter-output>
        </test-method> <!-- setup -->
        <test-method is-config="true" signature="teardown()[pri:0, instance:com.bdd.runner.testRunner@79079097]" started-at="2022-05-09T17:41:11 IST" name="teardown" finished-at="2022-05-09T17:41:11 IST" duration-ms="26" status="PASS">
          <reporter-output>
          </reporter-output>
        </test-method> <!-- teardown -->
      </class> <!-- com.bdd.runner.testRunner -->
    </test> <!-- Default test -->
  </suite> <!-- Default suite -->
</testng-results>
